possibly trimming /var/jenkins_home/fingerprints/ae/fa/e91e6196ccfeaf09d27b44f47ce0.xml
possibly trimming /var/jenkins_home/fingerprints/e5/f4/c324d680453b1e12bde554dad2c6.xml
possibly trimming /var/jenkins_home/fingerprints/c7/e2/7f461583eb0147c6c2f1f7faedb4.xml
possibly trimming /var/jenkins_home/fingerprints/c2/61/71852f9810cd3d2416604a387e71.xml
possibly trimming /var/jenkins_home/fingerprints/af/45/e4b40a0a8d5bc7a2fb263ed2ecbb.xml
possibly trimming /var/jenkins_home/fingerprints/44/d7/8056fa793f5b7bcf01eb266bbdf1.xml
possibly trimming /var/jenkins_home/fingerprints/3c/42/be5ea7cbf3635716abbb429cb90d.xml
possibly trimming /var/jenkins_home/fingerprints/19/4a/dbbbb259ff93346bf463e31ddd6e.xml
possibly trimming /var/jenkins_home/fingerprints/19/ec/751a4fe907ddb204dff93103acbb.xml
possibly trimming /var/jenkins_home/fingerprints/b5/ac/69fae957991bc55384f234873d4b.xml
possibly trimming /var/jenkins_home/fingerprints/4b/b2/0322237f4ab0211034279da22140.xml
possibly trimming /var/jenkins_home/fingerprints/4b/fa/c34e4b8c6cbe4bcfb6a740be7593.xml
possibly trimming /var/jenkins_home/fingerprints/72/a9/d1dcbf0af8dca46a6483b9c43eb5.xml
possibly trimming /var/jenkins_home/fingerprints/72/10/4264eec0fd299cca4b07eada5d5b.xml
possibly trimming /var/jenkins_home/fingerprints/6b/38/f0e72240dfbc3e24b527db901eeb.xml
possibly trimming /var/jenkins_home/fingerprints/a8/c4/029942e103ccad4cc3a3d34e51f7.xml
possibly trimming /var/jenkins_home/fingerprints/cc/0a/17fa40399c708ab5c9ed708e901c.xml
possibly trimming /var/jenkins_home/fingerprints/54/f0/02ef3065c0232771544ace680dfd.xml
possibly trimming /var/jenkins_home/fingerprints/9e/eb/abaa007dc329845e5ab3c12b4e6b.xml
possibly trimming /var/jenkins_home/fingerprints/92/eb/5aabc1b47287de53d45c086a435c.xml
possibly trimming /var/jenkins_home/fingerprints/9d/aa/4e1e44172eb861d88c88d85cfe78.xml
possibly trimming /var/jenkins_home/fingerprints/1f/98/bdbf79432f90beec24a330a5317b.xml
possibly trimming /var/jenkins_home/fingerprints/82/99/0504d2a30456263689e7947a35c3.xml
possibly trimming /var/jenkins_home/fingerprints/4c/2b/7359d990ea9defaf53c24915005c.xml
possibly trimming /var/jenkins_home/fingerprints/4c/a6/1f6a222c86ee2b11a650f9cdc6f4.xml
possibly trimming /var/jenkins_home/fingerprints/3a/af/3c6e76a68e732c17d4a7e9877d81.xml
possibly trimming /var/jenkins_home/fingerprints/68/91/0bf95dbcf90ce5859128f0f75d1e.xml
possibly trimming /var/jenkins_home/fingerprints/a7/64/b6a7a9734487edb0f94934f4aa19.xml
possibly trimming /var/jenkins_home/fingerprints/b8/7a/a66fe75685c82d082e750ab51b2e.xml
possibly trimming /var/jenkins_home/fingerprints/50/20/e6d39e2eb8fd3123ad6c4acb5d28.xml
possibly trimming /var/jenkins_home/fingerprints/33/52/9d5718da1da8cd847a3958599937.xml
possibly trimming /var/jenkins_home/fingerprints/9c/f3/8b624411ea627c08019b4151e8cc.xml
deleting obsolete /var/jenkins_home/fingerprints/e9/c1/684d96a977d6c34ac9b714221315.xml
possibly trimming /var/jenkins_home/fingerprints/2b/5c/a595b5f1c72e224dd25b2c4608ca.xml
possibly trimming /var/jenkins_home/fingerprints/5c/a0/2245c829422176d23fa530e919cc.xml
possibly trimming /var/jenkins_home/fingerprints/63/93/363b47ddcbba82321110c3e07519.xml
possibly trimming /var/jenkins_home/fingerprints/94/97/5ef44aa05c5067563875a783351e.xml
possibly trimming /var/jenkins_home/fingerprints/7f/b5/301ef2a257906d57e8ac06619356.xml
possibly trimming /var/jenkins_home/fingerprints/a6/aa/07dc0a5d7950093fa8c938de9335.xml
possibly trimming /var/jenkins_home/fingerprints/da/cd/3984a6569139c26c8db6f336f396.xml
possibly trimming /var/jenkins_home/fingerprints/87/3a/c611cb0d7160c0a3d30eee964454.xml
possibly trimming /var/jenkins_home/fingerprints/87/0e/54620f783178ee5254e6547d5f17.xml
possibly trimming /var/jenkins_home/fingerprints/87/d3/1a4c652f6c6204103394711d4b92.xml
possibly trimming /var/jenkins_home/fingerprints/d8/0c/e71285696d36c1add1989b94f084.xml
possibly trimming /var/jenkins_home/fingerprints/cb/00/a94f6d30c366cca4fa3e4acc5a03.xml
possibly trimming /var/jenkins_home/fingerprints/fc/21/245215221531327f56b00ccb1bfa.xml
possibly trimming /var/jenkins_home/fingerprints/e6/ad/6e61e5c05703cc6a7b72821ff571.xml
possibly trimming /var/jenkins_home/fingerprints/6d/a6/d8d4f1554196599bcb76896b3393.xml
possibly trimming /var/jenkins_home/fingerprints/1e/47/32a2e41319bcb938ee01e87011f0.xml
possibly trimming /var/jenkins_home/fingerprints/0d/11/4c30cbccc4dc9618316dc2aba7f1.xml
possibly trimming /var/jenkins_home/fingerprints/ff/94/6f94319accb11847381d3c436837.xml
possibly trimming /var/jenkins_home/fingerprints/a0/5d/9005c20ffcdc87f223fb1f17fef2.xml
possibly trimming /var/jenkins_home/fingerprints/5e/df/6ccb727854204b7cc3405fbc5f01.xml
possibly trimming /var/jenkins_home/fingerprints/45/96/a053a8babf509ba2bd030e1cc99b.xml
possibly trimming /var/jenkins_home/fingerprints/0b/23/1caeb9edc3dc4a1e68f2ddbd0b49.xml
possibly trimming /var/jenkins_home/fingerprints/2d/29/a27bb6c6b44bc8a608a0e5d09735.xml
possibly trimming /var/jenkins_home/fingerprints/e7/ed/e835f73c70cc662ca4d241250f1a.xml
possibly trimming /var/jenkins_home/fingerprints/2e/b4/b7a0aa70cc88fd7c8c9be3b1c51e.xml
possibly trimming /var/jenkins_home/fingerprints/38/6d/3714fef534d21175d8885ae48bf7.xml
Cleaned up 53 records
